{"D:\\hicheel\\Програмчлалын хэлний зарчмууд\\my-app\\app\\api\\route.js": {"path":"D:\\hicheel\\Програмчлалын хэлний зарчмууд\\my-app\\app\\api\\route.js","statementMap":{"0":{"start":{"line":7,"column":22},"end":{"line":7,"column":null}},"1":{"start":{"line":14,"column":22},"end":{"line":14,"column":27}},"2":{"start":{"line":1,"column":21},"end":{"line":1,"column":null}},"3":{"start":{"line":2,"column":29},"end":{"line":2,"column":null}},"4":{"start":{"line":4,"column":31},"end":{"line":4,"column":null}},"5":{"start":{"line":8,"column":2},"end":{"line":8,"column":null}},"6":{"start":{"line":9,"column":17},"end":{"line":9,"column":null}},"7":{"start":{"line":10,"column":2},"end":{"line":10,"column":null}},"8":{"start":{"line":15,"column":36},"end":{"line":15,"column":null}},"9":{"start":{"line":16,"column":2},"end":{"line":16,"column":null}},"10":{"start":{"line":17,"column":2},"end":{"line":17,"column":null}},"11":{"start":{"line":18,"column":2},"end":{"line":20,"column":null}}},"fnMap":{"0":{"name":"GET","decl":{"start":{"line":7,"column":22},"end":{"line":7,"column":null}},"loc":{"start":{"line":7,"column":22},"end":{"line":12,"column":null}}},"1":{"name":"POST","decl":{"start":{"line":14,"column":22},"end":{"line":14,"column":27}},"loc":{"start":{"line":14,"column":34},"end":{"line":23,"column":null}}}},"branchMap":{},"s":{"0":0,"1":0,"2":0,"3":0,"4":0,"5":0,"6":0,"7":0,"8":0,"9":0,"10":0,"11":0},"f":{"0":0,"1":0},"b":{}}
,"D:\\hicheel\\Програмчлалын хэлний зарчмууд\\my-app\\app\\api\\[ID]\\route.js": {"path":"D:\\hicheel\\Програмчлалын хэлний зарчмууд\\my-app\\app\\api\\[ID]\\route.js","statementMap":{"0":{"start":{"line":54,"column":22},"end":{"line":54,"column":29}},"1":{"start":{"line":7,"column":22},"end":{"line":7,"column":26}},"2":{"start":{"line":36,"column":22},"end":{"line":36,"column":27}},"3":{"start":{"line":1,"column":30},"end":{"line":1,"column":null}},"4":{"start":{"line":2,"column":29},"end":{"line":2,"column":null}},"5":{"start":{"line":4,"column":21},"end":{"line":4,"column":null}},"6":{"start":{"line":5,"column":22},"end":{"line":5,"column":null}},"7":{"start":{"line":8,"column":4},"end":{"line":33,"column":null}},"8":{"start":{"line":9,"column":18},"end":{"line":9,"column":null}},"9":{"start":{"line":10,"column":15},"end":{"line":10,"column":null}},"10":{"start":{"line":11,"column":6},"end":{"line":11,"column":null}},"11":{"start":{"line":12,"column":6},"end":{"line":12,"column":null}},"12":{"start":{"line":15,"column":22},"end":{"line":15,"column":null}},"13":{"start":{"line":17,"column":6},"end":{"line":22,"column":null}},"14":{"start":{"line":18,"column":8},"end":{"line":20,"column":null}},"15":{"start":{"line":24,"column":6},"end":{"line":24,"column":null}},"16":{"start":{"line":26,"column":6},"end":{"line":26,"column":null}},"17":{"start":{"line":28,"column":6},"end":{"line":28,"column":null}},"18":{"start":{"line":29,"column":6},"end":{"line":31,"column":null}},"19":{"start":{"line":37,"column":16},"end":{"line":37,"column":null}},"20":{"start":{"line":38,"column":13},"end":{"line":38,"column":null}},"21":{"start":{"line":39,"column":38},"end":{"line":39,"column":null}},"22":{"start":{"line":40,"column":4},"end":{"line":40,"column":null}},"23":{"start":{"line":47,"column":4},"end":{"line":49,"column":null}},"24":{"start":{"line":55,"column":4},"end":{"line":72,"column":null}},"25":{"start":{"line":56,"column":19},"end":{"line":56,"column":null}},"26":{"start":{"line":57,"column":15},"end":{"line":57,"column":null}},"27":{"start":{"line":58,"column":4},"end":{"line":58,"column":null}},"28":{"start":{"line":59,"column":4},"end":{"line":59,"column":null}},"29":{"start":{"line":60,"column":4},"end":{"line":60,"column":null}},"30":{"start":{"line":61,"column":4},"end":{"line":62,"column":null}},"31":{"start":{"line":66,"column":8},"end":{"line":66,"column":null}},"32":{"start":{"line":67,"column":8},"end":{"line":69,"column":null}}},"fnMap":{"0":{"name":"GET","decl":{"start":{"line":7,"column":22},"end":{"line":7,"column":26}},"loc":{"start":{"line":7,"column":43},"end":{"line":34,"column":null}}},"1":{"name":"POST","decl":{"start":{"line":36,"column":22},"end":{"line":36,"column":27}},"loc":{"start":{"line":36,"column":44},"end":{"line":52,"column":null}}},"2":{"name":"DELETE","decl":{"start":{"line":54,"column":22},"end":{"line":54,"column":29}},"loc":{"start":{"line":54,"column":46},"end":{"line":74,"column":null}}}},"branchMap":{"0":{"loc":{"start":{"line":17,"column":6},"end":{"line":22,"column":null}},"type":"if","locations":[{"start":{"line":17,"column":6},"end":{"line":22,"column":null}}]}},"s":{"0":0,"1":0,"2":0,"3":0,"4":0,"5":0,"6":0,"7":0,"8":0,"9":0,"10":0,"11":0,"12":0,"13":0,"14":0,"15":0,"16":0,"17":0,"18":0,"19":0,"20":0,"21":0,"22":0,"23":0,"24":0,"25":0,"26":0,"27":0,"28":0,"29":0,"30":0,"31":0,"32":0},"f":{"0":0,"1":0,"2":0},"b":{"0":[0]}}
,"D:\\hicheel\\Програмчлалын хэлний зарчмууд\\my-app\\app\\api\\test\\route.js": {"path":"D:\\hicheel\\Програмчлалын хэлний зарчмууд\\my-app\\app\\api\\test\\route.js","statementMap":{"0":{"start":{"line":4,"column":22},"end":{"line":4,"column":null}},"1":{"start":{"line":1,"column":22},"end":{"line":1,"column":null}},"2":{"start":{"line":2,"column":29},"end":{"line":2,"column":null}},"3":{"start":{"line":5,"column":2},"end":{"line":5,"column":null}},"4":{"start":{"line":6,"column":2},"end":{"line":6,"column":null}}},"fnMap":{"0":{"name":"GET","decl":{"start":{"line":4,"column":22},"end":{"line":4,"column":null}},"loc":{"start":{"line":4,"column":22},"end":{"line":7,"column":null}}}},"branchMap":{},"s":{"0":0,"1":0,"2":0,"3":0,"4":0},"f":{"0":0},"b":{}}
,"D:\\hicheel\\Програмчлалын хэлний зарчмууд\\my-app\\app\\components\\add-product.js": {"path":"D:\\hicheel\\Програмчлалын хэлний зарчмууд\\my-app\\app\\components\\add-product.js","statementMap":{"0":{"start":{"line":91,"column":0},"end":{"line":91,"column":15}},"1":{"start":{"line":4,"column":18},"end":{"line":4,"column":null}},"2":{"start":{"line":5,"column":23},"end":{"line":5,"column":null}},"3":{"start":{"line":6,"column":24},"end":{"line":6,"column":null}},"4":{"start":{"line":7,"column":26},"end":{"line":7,"column":null}},"5":{"start":{"line":8,"column":22},"end":{"line":8,"column":null}},"6":{"start":{"line":9,"column":24},"end":{"line":9,"column":null}},"7":{"start":{"line":11,"column":17},"end":{"line":14,"column":null}},"8":{"start":{"line":16,"column":18},"end":{"line":89,"column":null}},"9":{"start":{"line":18,"column":18},"end":{"line":18,"column":null}},"10":{"start":{"line":25,"column":8},"end":{"line":25,"column":null}},"11":{"start":{"line":27,"column":21},"end":{"line":47,"column":null}},"12":{"start":{"line":28,"column":8},"end":{"line":45,"column":null}},"13":{"start":{"line":29,"column":25},"end":{"line":32,"column":null}},"14":{"start":{"line":33,"column":12},"end":{"line":36,"column":null}},"15":{"start":{"line":35,"column":16},"end":{"line":35,"column":null}},"16":{"start":{"line":37,"column":30},"end":{"line":37,"column":null}},"17":{"start":{"line":38,"column":12},"end":{"line":38,"column":null}},"18":{"start":{"line":39,"column":12},"end":{"line":39,"column":null}},"19":{"start":{"line":43,"column":6},"end":{"line":43,"column":null}},"20":{"start":{"line":44,"column":6},"end":{"line":44,"column":null}},"21":{"start":{"line":91,"column":15},"end":{"line":91,"column":null}}},"fnMap":{"0":{"name":"(anonymous_2)","decl":{"start":{"line":16,"column":18},"end":{"line":16,"column":null}},"loc":{"start":{"line":16,"column":18},"end":{"line":89,"column":null}}},"1":{"name":"(anonymous_3)","decl":{"start":{"line":27,"column":21},"end":{"line":27,"column":28}},"loc":{"start":{"line":27,"column":28},"end":{"line":47,"column":null}}}},"branchMap":{"0":{"loc":{"start":{"line":33,"column":12},"end":{"line":36,"column":null}},"type":"if","locations":[{"start":{"line":33,"column":12},"end":{"line":36,"column":null}}]},"1":{"loc":{"start":{"line":63,"column":35},"end":{"line":63,"column":52}},"type":"binary-expr","locations":[{"start":{"line":63,"column":35},"end":{"line":63,"column":52}}]}},"s":{"0":5,"1":1,"2":1,"3":1,"4":1,"5":1,"6":1,"7":1,"8":1,"9":14,"10":14,"11":14,"12":2,"13":2,"14":2,"15":1,"16":1,"17":1,"18":1,"19":1,"20":1,"21":1},"f":{"0":14,"1":2},"b":{"0":[1],"1":[14]}}
,"D:\\hicheel\\Програмчлалын хэлний зарчмууд\\my-app\\app\\components\\all-product.js": {"path":"D:\\hicheel\\Програмчлалын хэлний зарчмууд\\my-app\\app\\components\\all-product.js","statementMap":{"0":{"start":{"line":29,"column":0},"end":{"line":29,"column":15}},"1":{"start":{"line":2,"column":43},"end":{"line":2,"column":null}},"2":{"start":{"line":3,"column":22},"end":{"line":3,"column":null}},"3":{"start":{"line":5,"column":13},"end":{"line":5,"column":null}},"4":{"start":{"line":7,"column":20},"end":{"line":27,"column":null}},"5":{"start":{"line":8,"column":26},"end":{"line":8,"column":null}},"6":{"start":{"line":11,"column":6},"end":{"line":21,"column":null}},"7":{"start":{"line":12,"column":20},"end":{"line":12,"column":null}},"8":{"start":{"line":13,"column":8},"end":{"line":15,"column":null}},"9":{"start":{"line":14,"column":10},"end":{"line":14,"column":null}},"10":{"start":{"line":17,"column":29},"end":{"line":17,"column":null}},"11":{"start":{"line":18,"column":8},"end":{"line":18,"column":null}},"12":{"start":{"line":20,"column":8},"end":{"line":20,"column":null}},"13":{"start":{"line":23,"column":4},"end":{"line":25,"column":null}},"14":{"start":{"line":23,"column":21},"end":{"line":23,"column":null}},"15":{"start":{"line":29,"column":15},"end":{"line":29,"column":null}}},"fnMap":{"0":{"name":"(anonymous_5)","decl":{"start":{"line":7,"column":20},"end":{"line":7,"column":null}},"loc":{"start":{"line":7,"column":20},"end":{"line":27,"column":null}}},"1":{"name":"getAllProducts","decl":{"start":{"line":10,"column":19},"end":{"line":10,"column":null}},"loc":{"start":{"line":10,"column":19},"end":{"line":22,"column":null}}},"2":{"name":"(anonymous_7)","decl":{"start":{"line":23,"column":14},"end":{"line":23,"column":21}},"loc":{"start":{"line":23,"column":14},"end":{"line":25,"column":7}}}},"branchMap":{"0":{"loc":{"start":{"line":13,"column":8},"end":{"line":15,"column":null}},"type":"if","locations":[{"start":{"line":13,"column":8},"end":{"line":15,"column":null}}]}},"s":{"0":6,"1":1,"2":1,"3":1,"4":1,"5":9,"6":7,"7":7,"8":6,"9":0,"10":6,"11":6,"12":1,"13":9,"14":6,"15":1},"f":{"0":9,"1":7,"2":6},"b":{"0":[0]}}
,"D:\\hicheel\\Програмчлалын хэлний зарчмууд\\my-app\\app\\components\\bread-crumb.js": {"path":"D:\\hicheel\\Програмчлалын хэлний зарчмууд\\my-app\\app\\components\\bread-crumb.js","statementMap":{"0":{"start":{"line":24,"column":0},"end":{"line":24,"column":15}},"1":{"start":{"line":1,"column":17},"end":{"line":1,"column":null}},"2":{"start":{"line":2,"column":18},"end":{"line":2,"column":null}},"3":{"start":{"line":4,"column":19},"end":{"line":22,"column":null}},"4":{"start":{"line":9,"column":10},"end":{"line":10,"column":null}},"5":{"start":{"line":24,"column":15},"end":{"line":24,"column":null}}},"fnMap":{"0":{"name":"(anonymous_2)","decl":{"start":{"line":4,"column":19},"end":{"line":4,"column":20}},"loc":{"start":{"line":4,"column":34},"end":{"line":22,"column":null}}},"1":{"name":"(anonymous_3)","decl":{"start":{"line":8,"column":19},"end":{"line":8,"column":20}},"loc":{"start":{"line":9,"column":10},"end":{"line":10,"column":null}}}},"branchMap":{"0":{"loc":{"start":{"line":4,"column":22},"end":{"line":4,"column":32}},"type":"default-arg","locations":[{"start":{"line":4,"column":30},"end":{"line":4,"column":32}}]},"1":{"loc":{"start":{"line":12,"column":14},"end":{"line":12,"column":null}},"type":"cond-expr","locations":[{"start":{"line":12,"column":29},"end":{"line":12,"column":40}},{"start":{"line":12,"column":40},"end":{"line":12,"column":null}}]}},"s":{"0":5,"1":1,"2":1,"3":1,"4":6,"5":1},"f":{"0":5,"1":6},"b":{"0":[1],"1":[1,5]}}
,"D:\\hicheel\\Програмчлалын хэлний зарчмууд\\my-app\\app\\components\\dataTable.js": {"path":"D:\\hicheel\\Програмчлалын хэлний зарчмууд\\my-app\\app\\components\\dataTable.js","statementMap":{"0":{"start":{"line":77,"column":0},"end":{"line":77,"column":15}},"1":{"start":{"line":1,"column":17},"end":{"line":1,"column":null}},"2":{"start":{"line":2,"column":18},"end":{"line":2,"column":null}},"3":{"start":{"line":4,"column":18},"end":{"line":75,"column":null}},"4":{"start":{"line":5,"column":24},"end":{"line":29,"column":null}},"5":{"start":{"line":6,"column":4},"end":{"line":28,"column":null}},"6":{"start":{"line":7,"column":6},"end":{"line":27,"column":null}},"7":{"start":{"line":8,"column":8},"end":{"line":8,"column":null}},"8":{"start":{"line":9,"column":20},"end":{"line":12,"column":null}},"9":{"start":{"line":13,"column":16},"end":{"line":13,"column":null}},"10":{"start":{"line":15,"column":8},"end":{"line":17,"column":null}},"11":{"start":{"line":16,"column":10},"end":{"line":16,"column":null}},"12":{"start":{"line":19,"column":28},"end":{"line":19,"column":null}},"13":{"start":{"line":20,"column":8},"end":{"line":20,"column":null}},"14":{"start":{"line":21,"column":8},"end":{"line":24,"column":null}},"15":{"start":{"line":23,"column":10},"end":{"line":23,"column":null}},"16":{"start":{"line":26,"column":8},"end":{"line":26,"column":null}},"17":{"start":{"line":36,"column":12},"end":{"line":36,"column":25}},"18":{"start":{"line":43,"column":10},"end":{"line":43,"column":null}},"19":{"start":{"line":64,"column":33},"end":{"line":64,"column":null}},"20":{"start":{"line":77,"column":15},"end":{"line":77,"column":null}}},"fnMap":{"0":{"name":"(anonymous_2)","decl":{"start":{"line":4,"column":18},"end":{"line":4,"column":19}},"loc":{"start":{"line":4,"column":53},"end":{"line":75,"column":null}}},"1":{"name":"(anonymous_3)","decl":{"start":{"line":5,"column":24},"end":{"line":5,"column":31}},"loc":{"start":{"line":5,"column":31},"end":{"line":29,"column":null}}},"2":{"name":"(anonymous_4)","decl":{"start":{"line":35,"column":20},"end":{"line":35,"column":21}},"loc":{"start":{"line":36,"column":12},"end":{"line":36,"column":25}}},"3":{"name":"(anonymous_5)","decl":{"start":{"line":42,"column":18},"end":{"line":42,"column":19}},"loc":{"start":{"line":43,"column":10},"end":{"line":43,"column":null}}},"4":{"name":"(anonymous_6)","decl":{"start":{"line":64,"column":27},"end":{"line":64,"column":33}},"loc":{"start":{"line":64,"column":33},"end":{"line":64,"column":null}}}},"branchMap":{"0":{"loc":{"start":{"line":4,"column":21},"end":{"line":4,"column":30}},"type":"default-arg","locations":[{"start":{"line":4,"column":28},"end":{"line":4,"column":30}}]},"1":{"loc":{"start":{"line":4,"column":32},"end":{"line":4,"column":41}},"type":"default-arg","locations":[{"start":{"line":4,"column":39},"end":{"line":4,"column":41}}]},"2":{"loc":{"start":{"line":6,"column":4},"end":{"line":28,"column":null}},"type":"if","locations":[{"start":{"line":6,"column":4},"end":{"line":28,"column":null}}]},"3":{"loc":{"start":{"line":15,"column":8},"end":{"line":17,"column":null}},"type":"if","locations":[{"start":{"line":15,"column":8},"end":{"line":17,"column":null}}]},"4":{"loc":{"start":{"line":21,"column":8},"end":{"line":24,"column":null}},"type":"if","locations":[{"start":{"line":21,"column":8},"end":{"line":24,"column":null}}]},"5":{"loc":{"start":{"line":46,"column":5},"end":{"line":46,"column":null}},"type":"cond-expr","locations":[{"start":{"line":46,"column":23},"end":{"line":46,"column":71}},{"start":{"line":46,"column":71},"end":{"line":46,"column":null}}]}},"s":{"0":14,"1":1,"2":1,"3":1,"4":14,"5":4,"6":3,"7":3,"8":3,"9":3,"10":3,"11":1,"12":2,"13":2,"14":2,"15":1,"16":1,"17":56,"18":21,"19":4,"20":1},"f":{"0":14,"1":4,"2":56,"3":21,"4":4},"b":{"0":[0],"1":[0],"2":[3],"3":[1],"4":[1],"5":[19,2]}}
,"D:\\hicheel\\Програмчлалын хэлний зарчмууд\\my-app\\app\\components\\delete-product.js": {"path":"D:\\hicheel\\Програмчлалын хэлний зарчмууд\\my-app\\app\\components\\delete-product.js","statementMap":{"0":{"start":{"line":7,"column":0},"end":{"line":7,"column":15}},"1":{"start":{"line":1,"column":18},"end":{"line":1,"column":null}},"2":{"start":{"line":3,"column":22},"end":{"line":5,"column":null}},"3":{"start":{"line":7,"column":15},"end":{"line":7,"column":null}}},"fnMap":{"0":{"name":"(anonymous_2)","decl":{"start":{"line":3,"column":22},"end":{"line":3,"column":null}},"loc":{"start":{"line":3,"column":22},"end":{"line":5,"column":null}}}},"branchMap":{},"s":{"0":1,"1":1,"2":1,"3":1},"f":{"0":1},"b":{}}
,"D:\\hicheel\\Програмчлалын хэлний зарчмууд\\my-app\\app\\components\\edit-product.js": {"path":"D:\\hicheel\\Програмчлалын хэлний зарчмууд\\my-app\\app\\components\\edit-product.js","statementMap":{"0":{"start":{"line":108,"column":0},"end":{"line":108,"column":15}},"1":{"start":{"line":2,"column":43},"end":{"line":2,"column":null}},"2":{"start":{"line":3,"column":23},"end":{"line":3,"column":null}},"3":{"start":{"line":4,"column":24},"end":{"line":4,"column":null}},"4":{"start":{"line":5,"column":26},"end":{"line":5,"column":null}},"5":{"start":{"line":7,"column":19},"end":{"line":10,"column":null}},"6":{"start":{"line":12,"column":20},"end":{"line":106,"column":null}},"7":{"start":{"line":13,"column":17},"end":{"line":13,"column":null}},"8":{"start":{"line":18,"column":6},"end":{"line":23,"column":null}},"9":{"start":{"line":20,"column":26},"end":{"line":20,"column":null}},"10":{"start":{"line":21,"column":6},"end":{"line":21,"column":null}},"11":{"start":{"line":25,"column":19},"end":{"line":43,"column":null}},"12":{"start":{"line":26,"column":4},"end":{"line":42,"column":null}},"13":{"start":{"line":27,"column":18},"end":{"line":30,"column":null}},"14":{"start":{"line":32,"column":6},"end":{"line":34,"column":null}},"15":{"start":{"line":33,"column":8},"end":{"line":33,"column":null}},"16":{"start":{"line":36,"column":26},"end":{"line":36,"column":null}},"17":{"start":{"line":37,"column":6},"end":{"line":37,"column":null}},"18":{"start":{"line":38,"column":6},"end":{"line":38,"column":null}},"19":{"start":{"line":40,"column":6},"end":{"line":40,"column":null}},"20":{"start":{"line":41,"column":6},"end":{"line":41,"column":null}},"21":{"start":{"line":45,"column":21},"end":{"line":56,"column":null}},"22":{"start":{"line":46,"column":4},"end":{"line":55,"column":null}},"23":{"start":{"line":47,"column":18},"end":{"line":47,"column":null}},"24":{"start":{"line":48,"column":6},"end":{"line":50,"column":null}},"25":{"start":{"line":49,"column":8},"end":{"line":49,"column":null}},"26":{"start":{"line":52,"column":6},"end":{"line":52,"column":null}},"27":{"start":{"line":54,"column":6},"end":{"line":54,"column":null}},"28":{"start":{"line":108,"column":15},"end":{"line":108,"column":null}}},"fnMap":{"0":{"name":"(anonymous_5)","decl":{"start":{"line":12,"column":20},"end":{"line":12,"column":21}},"loc":{"start":{"line":12,"column":27},"end":{"line":106,"column":null}}},"1":{"name":"(anonymous_6)","decl":{"start":{"line":19,"column":19},"end":{"line":19,"column":null}},"loc":{"start":{"line":19,"column":19},"end":{"line":22,"column":null}}},"2":{"name":"(anonymous_7)","decl":{"start":{"line":25,"column":19},"end":{"line":25,"column":26}},"loc":{"start":{"line":25,"column":26},"end":{"line":43,"column":null}}},"3":{"name":"(anonymous_8)","decl":{"start":{"line":45,"column":21},"end":{"line":45,"column":28}},"loc":{"start":{"line":45,"column":28},"end":{"line":56,"column":null}}}},"branchMap":{"0":{"loc":{"start":{"line":32,"column":6},"end":{"line":34,"column":null}},"type":"if","locations":[{"start":{"line":32,"column":6},"end":{"line":34,"column":null}}]},"1":{"loc":{"start":{"line":48,"column":6},"end":{"line":50,"column":null}},"type":"if","locations":[{"start":{"line":48,"column":6},"end":{"line":50,"column":null}}]},"2":{"loc":{"start":{"line":99,"column":15},"end":{"line":99,"column":37}},"type":"binary-expr","locations":[{"start":{"line":99,"column":15},"end":{"line":99,"column":37}}]}},"s":{"0":3,"1":1,"2":1,"3":1,"4":1,"5":1,"6":1,"7":11,"8":11,"9":3,"10":3,"11":11,"12":2,"13":2,"14":2,"15":1,"16":1,"17":1,"18":1,"19":1,"20":1,"21":11,"22":3,"23":3,"24":3,"25":0,"26":3,"27":0,"28":1},"f":{"0":11,"1":3,"2":2,"3":3},"b":{"0":[1],"1":[0],"2":[11]}}
,"D:\\hicheel\\Програмчлалын хэлний зарчмууд\\my-app\\app\\components\\view-product.js": {"path":"D:\\hicheel\\Програмчлалын хэлний зарчмууд\\my-app\\app\\components\\view-product.js","statementMap":{"0":{"start":{"line":108,"column":0},"end":{"line":108,"column":15}},"1":{"start":{"line":2,"column":43},"end":{"line":2,"column":null}},"2":{"start":{"line":3,"column":23},"end":{"line":3,"column":null}},"3":{"start":{"line":4,"column":24},"end":{"line":4,"column":null}},"4":{"start":{"line":5,"column":26},"end":{"line":5,"column":null}},"5":{"start":{"line":7,"column":19},"end":{"line":10,"column":null}},"6":{"start":{"line":12,"column":20},"end":{"line":106,"column":null}},"7":{"start":{"line":13,"column":32},"end":{"line":13,"column":null}},"8":{"start":{"line":14,"column":32},"end":{"line":14,"column":null}},"9":{"start":{"line":16,"column":30},"end":{"line":16,"column":null}},"10":{"start":{"line":18,"column":2},"end":{"line":53,"column":null}},"11":{"start":{"line":19,"column":23},"end":{"line":48,"column":null}},"12":{"start":{"line":20,"column":6},"end":{"line":47,"column":null}},"13":{"start":{"line":21,"column":8},"end":{"line":21,"column":null}},"14":{"start":{"line":23,"column":20},"end":{"line":23,"column":null}},"15":{"start":{"line":24,"column":8},"end":{"line":24,"column":null}},"16":{"start":{"line":26,"column":8},"end":{"line":28,"column":null}},"17":{"start":{"line":27,"column":10},"end":{"line":27,"column":null}},"18":{"start":{"line":30,"column":21},"end":{"line":30,"column":null}},"19":{"start":{"line":31,"column":8},"end":{"line":31,"column":null}},"20":{"start":{"line":33,"column":8},"end":{"line":41,"column":null}},"21":{"start":{"line":34,"column":10},"end":{"line":34,"column":null}},"22":{"start":{"line":36,"column":10},"end":{"line":40,"column":null}},"23":{"start":{"line":43,"column":8},"end":{"line":43,"column":null}},"24":{"start":{"line":44,"column":8},"end":{"line":44,"column":null}},"25":{"start":{"line":46,"column":8},"end":{"line":46,"column":null}},"26":{"start":{"line":50,"column":4},"end":{"line":52,"column":null}},"27":{"start":{"line":51,"column":6},"end":{"line":51,"column":null}},"28":{"start":{"line":55,"column":2},"end":{"line":57,"column":null}},"29":{"start":{"line":59,"column":2},"end":{"line":61,"column":null}},"30":{"start":{"line":108,"column":15},"end":{"line":108,"column":null}}},"fnMap":{"0":{"name":"(anonymous_5)","decl":{"start":{"line":12,"column":20},"end":{"line":12,"column":21}},"loc":{"start":{"line":12,"column":27},"end":{"line":106,"column":null}}},"1":{"name":"(anonymous_6)","decl":{"start":{"line":18,"column":12},"end":{"line":18,"column":null}},"loc":{"start":{"line":18,"column":12},"end":{"line":53,"column":5}}},"2":{"name":"(anonymous_7)","decl":{"start":{"line":19,"column":23},"end":{"line":19,"column":null}},"loc":{"start":{"line":19,"column":23},"end":{"line":48,"column":null}}}},"branchMap":{"0":{"loc":{"start":{"line":26,"column":8},"end":{"line":28,"column":null}},"type":"if","locations":[{"start":{"line":26,"column":8},"end":{"line":28,"column":null}}]},"1":{"loc":{"start":{"line":33,"column":8},"end":{"line":41,"column":null}},"type":"if","locations":[{"start":{"line":33,"column":8},"end":{"line":41,"column":null}}]},"2":{"loc":{"start":{"line":50,"column":4},"end":{"line":52,"column":null}},"type":"if","locations":[{"start":{"line":50,"column":4},"end":{"line":52,"column":null}}]},"3":{"loc":{"start":{"line":55,"column":2},"end":{"line":57,"column":null}},"type":"if","locations":[{"start":{"line":55,"column":2},"end":{"line":57,"column":null}}]},"4":{"loc":{"start":{"line":59,"column":2},"end":{"line":61,"column":null}},"type":"if","locations":[{"start":{"line":59,"column":2},"end":{"line":61,"column":null}}]}},"s":{"0":6,"1":1,"2":1,"3":1,"4":1,"5":1,"6":1,"7":16,"8":16,"9":16,"10":16,"11":6,"12":5,"13":5,"14":5,"15":3,"16":3,"17":1,"18":2,"19":2,"20":2,"21":1,"22":1,"23":2,"24":2,"25":4,"26":6,"27":5,"28":16,"29":4,"30":1},"f":{"0":16,"1":6,"2":5},"b":{"0":[1],"1":[1],"2":[5],"3":[12],"4":[3]}}
,"D:\\hicheel\\Програмчлалын хэлний зарчмууд\\my-app\\app\\libs\\mongodb.js": {"path":"D:\\hicheel\\Програмчлалын хэлний зарчмууд\\my-app\\app\\libs\\mongodb.js","statementMap":{"0":{"start":{"line":9,"column":13},"end":{"line":9,"column":30}},"1":{"start":{"line":1,"column":21},"end":{"line":1,"column":null}},"2":{"start":{"line":3,"column":20},"end":{"line":3,"column":43}},"3":{"start":{"line":5,"column":0},"end":{"line":7,"column":null}},"4":{"start":{"line":6,"column":2},"end":{"line":6,"column":null}},"5":{"start":{"line":9,"column":30},"end":{"line":19,"column":null}},"6":{"start":{"line":10,"column":2},"end":{"line":10,"column":null}},"7":{"start":{"line":10,"column":43},"end":{"line":10,"column":null}},"8":{"start":{"line":12,"column":2},"end":{"line":18,"column":null}},"9":{"start":{"line":13,"column":4},"end":{"line":13,"column":null}},"10":{"start":{"line":14,"column":4},"end":{"line":14,"column":null}},"11":{"start":{"line":16,"column":4},"end":{"line":16,"column":null}},"12":{"start":{"line":17,"column":4},"end":{"line":17,"column":null}}},"fnMap":{"0":{"name":"(anonymous_2)","decl":{"start":{"line":9,"column":30},"end":{"line":9,"column":null}},"loc":{"start":{"line":9,"column":30},"end":{"line":19,"column":null}}}},"branchMap":{"0":{"loc":{"start":{"line":5,"column":0},"end":{"line":7,"column":null}},"type":"if","locations":[{"start":{"line":5,"column":0},"end":{"line":7,"column":null}}]},"1":{"loc":{"start":{"line":10,"column":2},"end":{"line":10,"column":null}},"type":"if","locations":[{"start":{"line":10,"column":2},"end":{"line":10,"column":null}}]}},"s":{"0":3,"1":2,"2":2,"3":2,"4":1,"5":1,"6":3,"7":1,"8":2,"9":2,"10":1,"11":1,"12":1},"f":{"0":3},"b":{"0":[1],"1":[1]}}
,"D:\\hicheel\\Програмчлалын хэлний зарчмууд\\my-app\\app\\models\\products.js": {"path":"D:\\hicheel\\Програмчлалын хэлний зарчмууд\\my-app\\app\\models\\products.js","statementMap":{"0":{"start":{"line":13,"column":0},"end":{"line":13,"column":15}},"1":{"start":{"line":1,"column":31},"end":{"line":1,"column":null}},"2":{"start":{"line":2,"column":23},"end":{"line":8,"column":null}},"3":{"start":{"line":11,"column":0},"end":{"line":11,"column":null}},"4":{"start":{"line":13,"column":15},"end":{"line":13,"column":null}}},"fnMap":{},"branchMap":{"0":{"loc":{"start":{"line":11,"column":0},"end":{"line":11,"column":null}},"type":"binary-expr","locations":[{"start":{"line":11,"column":0},"end":{"line":11,"column":24}},{"start":{"line":11,"column":28},"end":{"line":11,"column":null}}]}},"s":{"0":2,"1":1,"2":1,"3":1,"4":1},"f":{},"b":{"0":[1,1]}}
}
