TN:
SF:app\api\route.js
FN:7,GET
FN:14,POST
FNF:2
FNH:0
FNDA:0,GET
FNDA:0,POST
DA:1,0
DA:2,0
DA:4,0
DA:7,0
DA:8,0
DA:9,0
DA:10,0
DA:14,0
DA:15,0
DA:16,0
DA:17,0
DA:18,0
LF:12
LH:0
BRF:0
BRH:0
end_of_record
TN:
SF:app\api\[ID]\route.js
FN:7,GET
FN:36,POST
FN:54,DELETE
FNF:3
FNH:0
FNDA:0,GET
FNDA:0,POST
FNDA:0,DELETE
DA:1,0
DA:2,0
DA:4,0
DA:5,0
DA:7,0
DA:8,0
DA:9,0
DA:10,0
DA:11,0
DA:12,0
DA:15,0
DA:17,0
DA:18,0
DA:24,0
DA:26,0
DA:28,0
DA:29,0
DA:36,0
DA:37,0
DA:38,0
DA:39,0
DA:40,0
DA:47,0
DA:54,0
DA:55,0
DA:56,0
DA:57,0
DA:58,0
DA:59,0
DA:60,0
DA:61,0
DA:66,0
DA:67,0
LF:33
LH:0
BRDA:17,0,0,0
BRF:1
BRH:0
end_of_record
TN:
SF:app\api\test\route.js
FN:4,GET
FNF:1
FNH:0
FNDA:0,GET
DA:1,0
DA:2,0
DA:4,0
DA:5,0
DA:6,0
LF:5
LH:0
BRF:0
BRH:0
end_of_record
TN:
SF:app\components\add-product.js
FN:16,(anonymous_2)
FN:27,(anonymous_3)
FNF:2
FNH:2
FNDA:14,(anonymous_2)
FNDA:2,(anonymous_3)
DA:4,1
DA:5,1
DA:6,1
DA:7,1
DA:8,1
DA:9,1
DA:11,1
DA:16,1
DA:18,14
DA:25,14
DA:27,14
DA:28,2
DA:29,2
DA:33,2
DA:35,1
DA:37,1
DA:38,1
DA:39,1
DA:43,1
DA:44,1
DA:91,5
LF:21
LH:21
BRDA:33,0,0,1
BRDA:63,1,0,14
BRF:2
BRH:2
end_of_record
TN:
SF:app\components\all-product.js
FN:7,(anonymous_5)
FN:10,getAllProducts
FN:23,(anonymous_7)
FNF:3
FNH:3
FNDA:9,(anonymous_5)
FNDA:7,getAllProducts
FNDA:6,(anonymous_7)
DA:2,1
DA:3,1
DA:5,1
DA:7,1
DA:8,9
DA:11,7
DA:12,7
DA:13,6
DA:14,0
DA:17,6
DA:18,6
DA:20,1
DA:23,9
DA:29,6
LF:14
LH:13
BRDA:13,0,0,0
BRF:1
BRH:0
end_of_record
TN:
SF:app\components\bread-crumb.js
FN:4,(anonymous_2)
FN:8,(anonymous_3)
FNF:2
FNH:2
FNDA:5,(anonymous_2)
FNDA:6,(anonymous_3)
DA:1,1
DA:2,1
DA:4,1
DA:9,6
DA:24,5
LF:5
LH:5
BRDA:4,0,0,1
BRDA:12,1,0,1
BRDA:12,1,1,5
BRF:3
BRH:3
end_of_record
TN:
SF:app\components\dataTable.js
FN:4,(anonymous_2)
FN:5,(anonymous_3)
FN:35,(anonymous_4)
FN:42,(anonymous_5)
FN:64,(anonymous_6)
FNF:5
FNH:5
FNDA:14,(anonymous_2)
FNDA:4,(anonymous_3)
FNDA:56,(anonymous_4)
FNDA:21,(anonymous_5)
FNDA:4,(anonymous_6)
DA:1,1
DA:2,1
DA:4,1
DA:5,14
DA:6,4
DA:7,3
DA:8,3
DA:9,3
DA:13,3
DA:15,3
DA:16,1
DA:19,2
DA:20,2
DA:21,2
DA:23,1
DA:26,1
DA:36,56
DA:43,21
DA:64,4
DA:77,14
LF:20
LH:20
BRDA:4,0,0,0
BRDA:4,1,0,0
BRDA:6,2,0,3
BRDA:15,3,0,1
BRDA:21,4,0,1
BRDA:46,5,0,19
BRDA:46,5,1,2
BRF:7
BRH:5
end_of_record
TN:
SF:app\components\delete-product.js
FN:3,(anonymous_2)
FNF:1
FNH:1
FNDA:1,(anonymous_2)
DA:1,1
DA:3,1
DA:7,1
LF:3
LH:3
BRF:0
BRH:0
end_of_record
TN:
SF:app\components\edit-product.js
FN:12,(anonymous_5)
FN:19,(anonymous_6)
FN:25,(anonymous_7)
FN:45,(anonymous_8)
FNF:4
FNH:4
FNDA:11,(anonymous_5)
FNDA:3,(anonymous_6)
FNDA:2,(anonymous_7)
FNDA:3,(anonymous_8)
DA:2,1
DA:3,1
DA:4,1
DA:5,1
DA:7,1
DA:12,1
DA:13,11
DA:18,11
DA:20,3
DA:21,3
DA:25,11
DA:26,2
DA:27,2
DA:32,2
DA:33,1
DA:36,1
DA:37,1
DA:38,1
DA:40,1
DA:41,1
DA:45,11
DA:46,3
DA:47,3
DA:48,3
DA:49,0
DA:52,3
DA:54,0
DA:108,3
LF:28
LH:26
BRDA:32,0,0,1
BRDA:48,1,0,0
BRDA:99,2,0,11
BRF:3
BRH:2
end_of_record
TN:
SF:app\components\view-product.js
FN:12,(anonymous_5)
FN:18,(anonymous_6)
FN:19,(anonymous_7)
FNF:3
FNH:3
FNDA:16,(anonymous_5)
FNDA:6,(anonymous_6)
FNDA:5,(anonymous_7)
DA:2,1
DA:3,1
DA:4,1
DA:5,1
DA:7,1
DA:12,1
DA:13,16
DA:14,16
DA:16,16
DA:18,16
DA:19,6
DA:20,5
DA:21,5
DA:23,5
DA:24,3
DA:26,3
DA:27,1
DA:30,2
DA:31,2
DA:33,2
DA:34,1
DA:36,1
DA:43,2
DA:44,2
DA:46,4
DA:50,6
DA:51,5
DA:55,16
DA:59,4
DA:108,6
LF:30
LH:30
BRDA:26,0,0,1
BRDA:33,1,0,1
BRDA:50,2,0,5
BRDA:55,3,0,12
BRDA:59,4,0,3
BRF:5
BRH:5
end_of_record
TN:
SF:app\libs\mongodb.js
FN:9,(anonymous_2)
FNF:1
FNH:1
FNDA:3,(anonymous_2)
DA:1,2
DA:3,2
DA:5,2
DA:6,1
DA:9,3
DA:10,3
DA:12,2
DA:13,2
DA:14,1
DA:16,1
DA:17,1
LF:11
LH:11
BRDA:5,0,0,1
BRDA:10,1,0,1
BRF:2
BRH:2
end_of_record
TN:
SF:app\models\products.js
FNF:0
FNH:0
DA:1,1
DA:2,1
DA:11,1
DA:13,2
LF:4
LH:4
BRDA:11,0,0,1
BRDA:11,0,1,1
BRF:2
BRH:2
end_of_record
